<?xml version="1.0" encoding="UTF-8"?>
<!-- Generated by org.testng.reporters.JUnitReportReporter -->
<testsuite hostname="AMIL" failures="0" tests="1" name="com.juaracoding.examweek3.authentications.AddToCartTest" time="13.641" errors="0" timestamp="2025-10-05T19:11:54 WIB" skipped="0">
  <testcase classname="com.juaracoding.examweek3.authentications.AddToCartTest" name="verifyAddToCartFunctionality" time="13.641"/>
</testsuite> <!-- com.juaracoding.examweek3.authentications.AddToCartTest -->
